2026-01-05 21:16:01,941 [INFO] Found 2 logs for today: ['15M_STK_20260105.jsonl', '15M_OPT_20260105.jsonl']
2026-01-05 21:16:01,942 [INFO] Auditor initialized. Log Dir: C:\Users\vraoo\GitHub\RubberBandBot\RubberBandBot\auditor_logs, Files: 2
2026-01-05 21:16:02,478 [INFO] [15M_STK] Opened Shadow STOCK Position: MU @ 312.21500000000003 (Bot skipped: Slope3_Too_Flat(0.1210% > -0.08%))
2026-01-05 21:16:03,083 [INFO] [15M_STK] Opened Shadow STOCK Position: MP @ 58.480000000000004 (Bot skipped: Slope3_Too_Flat(0.3109% > -0.08%))
2026-01-05 21:16:03,546 [INFO] [15M_STK] Opened Shadow STOCK Position: MOD @ 140.515 (Bot skipped: Slope3_Too_Flat(0.1923% > -0.08%))
2026-01-05 21:16:03,985 [INFO] [15M_STK] Opened Shadow STOCK Position: SYM @ 68.595 (Bot skipped: Slope3_Too_Flat(0.4970% > -0.08%))
2026-01-05 21:16:04,445 [INFO] [15M_STK] Opened Shadow STOCK Position: STRL @ 327.095 (Bot skipped: Slope3_Too_Flat(0.2035% > -0.08%))
2026-01-05 21:16:04,949 [INFO] [15M_STK] Opened Shadow STOCK Position: TEM @ 64.33 (Bot skipped: Slope3_Too_Flat(0.1760% > -0.08%))
2026-01-05 21:16:05,420 [INFO] [15M_STK] Opened Shadow STOCK Position: CYTK @ 60.965 (Bot skipped: None)
2026-01-05 21:16:05,959 [INFO] [15M_STK] Opened Shadow STOCK Position: HIMS @ 35.235 (Bot skipped: Slope3_Too_Flat(0.2145% > -0.08%))
2026-01-05 21:16:06,477 [INFO] [15M_STK] Opened Shadow STOCK Position: STX @ 288.44 (Bot skipped: Slope3_Too_Flat(0.1018% > -0.08%))
2026-01-05 21:16:06,954 [INFO] [15M_STK] Opened Shadow STOCK Position: HOOD @ 122.85 (Bot skipped: Slope3_Too_Flat(0.3704% > -0.08%))
2026-01-05 21:16:07,415 [WARNING] Could not get price for shadow stock entry: PLTR
2026-01-05 21:16:07,859 [INFO] [15M_STK] Opened Shadow STOCK Position: CIEN @ 232.95499999999998 (Bot skipped: None)
2026-01-05 21:16:08,325 [INFO] [15M_STK] Opened Shadow STOCK Position: VRT @ 173.39999999999998 (Bot skipped: Slope3_Too_Flat(0.0269% > -0.08%))
2026-01-05 21:16:08,799 [INFO] [15M_STK] Opened Shadow STOCK Position: CVNA @ 428.805 (Bot skipped: Slope3_Too_Flat(0.4008% > -0.08%))
2026-01-05 21:16:09,260 [WARNING] Could not get price for shadow stock entry: PAAS
2026-01-05 21:16:09,702 [INFO] [15M_STK] Opened Shadow STOCK Position: KTOS @ 89.015 (Bot skipped: Slope3_Too_Flat(0.6125% > -0.08%))
2026-01-05 21:16:10,200 [WARNING] Could not get price for shadow stock entry: RH
2026-01-05 21:16:10,667 [WARNING] Could not get price for shadow stock entry: COIN
2026-01-05 21:16:11,105 [INFO] [15M_STK] Opened Shadow STOCK Position: AMKR @ 48.125 (Bot skipped: Slope3_Too_Flat(0.5259% > -0.08%))
2026-01-05 21:16:11,578 [INFO] [15M_STK] Opened Shadow STOCK Position: SMCI @ 30.325000000000003 (Bot skipped: Slope3_Too_Flat(-0.0541% > -0.08%))
2026-01-05 21:16:12,068 [WARNING] Could not get price for shadow stock entry: SITM
2026-01-05 21:16:12,518 [WARNING] Could not get price for shadow stock entry: U
2026-01-05 21:16:13,039 [INFO] [15M_STK] Opened Shadow STOCK Position: AFRM @ 80.53999999999999 (Bot skipped: Slope3_Too_Flat(0.5210% > -0.08%))
2026-01-05 21:16:13,539 [INFO] [15M_STK] Opened Shadow STOCK Position: FROG @ 58.849999999999994 (Bot skipped: Slope3_Too_Flat(0.0815% > -0.08%))
2026-01-05 21:16:14,009 [INFO] [15M_STK] Opened Shadow STOCK Position: GFI @ 44.615 (Bot skipped: Slope3_Too_Flat(0.2408% > -0.08%))
2026-01-05 21:16:14,434 [WARNING] Could not get price for shadow stock entry: TSLA
2026-01-05 21:16:14,893 [WARNING] Could not get price for shadow stock entry: ARWR
2026-01-05 21:16:15,367 [WARNING] Could not get price for shadow stock entry: CEG
2026-01-05 21:16:15,836 [WARNING] Could not get price for shadow stock entry: PI
2026-01-05 21:16:16,295 [INFO] [15M_STK] Opened Shadow STOCK Position: CPNG @ 23.14 (Bot skipped: Slope3_Too_Flat(-0.0775% > -0.08%))
2026-01-05 21:16:16,844 [WARNING] Could not get price for shadow stock entry: BIRK
2026-01-05 21:16:17,336 [WARNING] Could not get price for shadow stock entry: AVAV
2026-01-05 21:16:17,795 [INFO] [15M_STK] Opened Shadow STOCK Position: DUOL @ 185.67000000000002 (Bot skipped: Slope3_Too_Flat(0.4629% > -0.08%))
2026-01-05 21:16:18,244 [INFO] [15M_STK] Opened Shadow STOCK Position: ENPH @ 34.145 (Bot skipped: Slope3_Too_Flat(-0.0355% > -0.08%))
2026-01-05 21:16:18,705 [WARNING] Could not get price for shadow stock entry: VSCO
2026-01-05 21:16:19,160 [WARNING] Could not get price for shadow stock entry: SATS
2026-01-05 21:16:19,590 [INFO] [15M_STK] Opened Shadow STOCK Position: PRIM @ 131.815 (Bot skipped: Slope3_Too_Flat(0.1297% > -0.08%))
2026-01-05 21:16:20,043 [INFO] [15M_STK] Opened Shadow STOCK Position: SMTC @ 75.53 (Bot skipped: Slope3_Too_Flat(0.1833% > -0.08%))
2026-01-05 21:16:20,542 [INFO] [15M_STK] Opened Shadow STOCK Position: CCJ @ 99.245 (Bot skipped: Slope3_Too_Flat(0.0561% > -0.08%))
2026-01-05 21:16:21,007 [WARNING] Could not get price for shadow stock entry: SLNO
2026-01-05 21:16:21,494 [INFO] [15M_STK] Opened Shadow STOCK Position: ARM @ 116.89500000000001 (Bot skipped: Slope3_Too_Flat(0.2473% > -0.08%))
2026-01-05 21:16:21,945 [WARNING] Could not get price for shadow stock entry: AGX
2026-01-05 21:16:22,411 [INFO] [15M_STK] Opened Shadow STOCK Position: IOT @ 35.115 (Bot skipped: Slope3_Too_Flat(0.1231% > -0.08%))
2026-01-05 21:16:22,888 [INFO] [15M_STK] Opened Shadow STOCK Position: AU @ 88.565 (Bot skipped: Slope3_Too_Flat(0.3030% > -0.08%))
2026-01-05 21:16:23,334 [INFO] [15M_STK] Opened Shadow STOCK Position: INTC @ 39.394999999999996 (Bot skipped: Slope3_Too_Flat(0.1597% > -0.08%))
2026-01-05 21:16:23,771 [INFO] [15M_STK] Opened Shadow STOCK Position: CAVA @ 63.364999999999995 (Bot skipped: Slope3_Too_Flat(0.3585% > -0.08%))
2026-01-05 21:16:24,240 [WARNING] Could not get price for shadow stock entry: LULU
2026-01-05 21:16:24,677 [INFO] [15M_STK] Opened Shadow STOCK Position: SOFI @ 29.58 (Bot skipped: Slope3_Too_Flat(0.4582% > -0.08%))
2026-01-05 21:16:25,142 [WARNING] Could not get price for shadow stock entry: Z
2026-01-05 21:16:25,636 [WARNING] Could not get price for shadow stock entry: MTN
2026-01-05 21:16:26,179 [INFO] [15M_STK] Opened Shadow STOCK Position: LRCX @ 195.81 (Bot skipped: Slope3_Too_Flat(0.4406% > -0.08%))
2026-01-05 21:16:26,751 [INFO] [15M_STK] Opened Shadow STOCK Position: KGC @ 29.39 (Bot skipped: Slope3_Too_Flat(0.2909% > -0.08%))
2026-01-05 21:16:27,243 [WARNING] Could not get price for shadow stock entry: ALB
2026-01-05 21:16:27,744 [WARNING] Could not get price for shadow stock entry: SHOP
2026-01-05 21:16:28,258 [WARNING] Could not get price for shadow stock entry: JBL
2026-01-05 21:16:28,729 [WARNING] Could not get price for shadow stock entry: SHAK
2026-01-05 21:16:29,160 [WARNING] Could not get price for shadow stock entry: GNRC
2026-01-05 21:16:29,598 [WARNING] Could not get price for shadow stock entry: EAT
2026-01-05 21:16:30,063 [INFO] [15M_STK] Opened Shadow STOCK Position: AEO @ 26.99 (Bot skipped: Slope3_Too_Flat(0.0852% > -0.08%))
2026-01-05 21:16:30,512 [INFO] [15M_STK] Opened Shadow STOCK Position: FLEX @ 61.785 (Bot skipped: Slope3_Too_Flat(0.0123% > -0.08%))
2026-01-05 21:16:30,968 [WARNING] Could not get price for shadow stock entry: AGI
2026-01-05 21:16:31,457 [INFO] [15M_STK] Opened Shadow STOCK Position: PSTG @ 69.28999999999999 (Bot skipped: Slope3_Too_Flat(0.0634% > -0.08%))
2026-01-05 21:16:31,982 [INFO] [15M_STK] Opened Shadow STOCK Position: AMD @ 221.375 (Bot skipped: Slope3_Too_Flat(0.0582% > -0.08%))
2026-01-05 21:16:32,500 [WARNING] Could not get price for shadow stock entry: MRVL
2026-01-05 21:16:33,013 [INFO] [15M_STK] Opened Shadow STOCK Position: WING @ 263.65999999999997 (Bot skipped: Slope3_Too_Flat(0.1842% > -0.08%))
2026-01-05 21:16:33,539 [INFO] [15M_STK] Opened Shadow STOCK Position: BMRN @ 59.010000000000005 (Bot skipped: Slope3_Too_Flat(-0.0500% > -0.08%))
2026-01-05 21:16:34,026 [WARNING] Could not get price for shadow stock entry: ANF
2026-01-05 21:16:34,485 [INFO] [15M_STK] Opened Shadow STOCK Position: BOOT @ 193.445 (Bot skipped: Slope3_Too_Flat(0.3051% > -0.08%))
2026-01-05 21:16:35,031 [WARNING] Could not get price for shadow stock entry: NEM
2026-01-05 21:16:35,528 [INFO] [15M_STK] Opened Shadow STOCK Position: FTAI @ 226.33499999999998 (Bot skipped: Slope3_Too_Flat(0.4108% > -0.08%))
2026-01-05 21:16:36,067 [WARNING] Could not get price for shadow stock entry: AXON
2026-01-05 21:16:36,536 [INFO] [15M_STK] Opened Shadow STOCK Position: NKE @ 65.005 (Bot skipped: Slope3_Too_Flat(0.1840% > -0.08%))
2026-01-05 21:16:36,962 [WARNING] Could not get price for shadow stock entry: ENTG
2026-01-05 21:16:37,445 [INFO] [15M_STK] Opened Shadow STOCK Position: BIDU @ 147.93 (Bot skipped: Slope3_Too_Flat(-0.0301% > -0.08%))
2026-01-05 21:16:37,936 [INFO] [15M_STK] Opened Shadow STOCK Position: TER @ 218.865 (Bot skipped: Slope3_Too_Flat(0.4043% > -0.08%))
2026-01-05 21:16:38,378 [INFO] [15M_STK] Opened Shadow STOCK Position: AA @ 61.239999999999995 (Bot skipped: Slope3_Too_Flat(0.4026% > -0.08%))
2026-01-05 21:16:38,899 [INFO] [15M_STK] Opened Shadow STOCK Position: CCL @ 31.195 (Bot skipped: Slope3_Too_Flat(0.0110% > -0.08%))
2026-01-05 21:16:39,339 [WARNING] Could not get price for shadow stock entry: DKNG
2026-01-05 21:16:39,812 [INFO] [15M_STK] Opened Shadow STOCK Position: HUBS @ 380.15999999999997 (Bot skipped: Slope3_Too_Flat(0.0450% > -0.08%))
2026-01-05 21:16:40,256 [WARNING] Could not get price for shadow stock entry: CELH
2026-01-05 21:16:40,733 [WARNING] Could not get price for shadow stock entry: ROKU
2026-01-05 21:16:41,228 [WARNING] Could not get price for shadow stock entry: MKSI
2026-01-05 21:16:41,666 [INFO] [15M_STK] Opened Shadow STOCK Position: AEM @ 175.175 (Bot skipped: Slope3_Too_Flat(0.3490% > -0.08%))
2026-01-05 21:16:42,118 [WARNING] Could not get price for shadow stock entry: NVT
2026-01-05 21:16:42,594 [INFO] [15M_STK] Opened Shadow STOCK Position: MNDY @ 143.535 (Bot skipped: Slope3_Too_Flat(0.0544% > -0.08%))
2026-01-05 21:16:43,083 [WARNING] Could not get price for shadow stock entry: MTSI
2026-01-05 21:16:43,513 [WARNING] Could not get price for shadow stock entry: ASO
2026-01-05 21:16:43,997 [INFO] [15M_STK] Opened Shadow STOCK Position: WPM @ 120.89 (Bot skipped: Slope3_Too_Flat(0.3269% > -0.08%))
2026-01-05 21:16:44,458 [INFO] [15M_STK] Opened Shadow STOCK Position: B @ 47.489999999999995 (Bot skipped: Slope3_Too_Flat(0.2940% > -0.08%))
2026-01-05 21:16:44,998 [INFO] [15M_STK] Opened Shadow STOCK Position: ANET @ 136.43 (Bot skipped: Slope3_Too_Flat(0.2175% > -0.08%))
2026-01-05 21:16:45,441 [WARNING] Could not get price for shadow stock entry: RBLX
2026-01-05 21:16:45,905 [WARNING] Could not get price for shadow stock entry: CZR
2026-01-05 21:16:45,988 [INFO] Auditor stopped.
