{"type":"UNIVERSE","loaded":1,"sample":["VIXY"],"when":"2025-12-31T14:47:03Z"}
{"type":"BARS_FETCH_START","requested":1,"chunks":1,"timeframe":"1Day","feed":"iex","start":"2025-12-29T14:47:03Z","end":"2025-12-31T14:47:03Z","when":"2025-12-31T14:47:03Z"}
{"type":"BARS_FETCH_CHUNK_COLLECTED","chunk_index":1,"symbols_in_chunk":1,"pages":1,"source_shape":"dict","collected_symbols":1}
{"type":"BARS_FETCH_SUMMARY","requested":1,"with_data":1,"empty":0,"stale":0,"sample_with_data":["VIXY"],"sample_empty":[],"when":"2025-12-31T14:47:03Z"}

==================================================
 [RegimeManager] Market Environment Update
==================================================
  • VIXY Price      : $25.59
  • Current Regime  : CALM
  • Slope Threshold : -0.08
  • Dead Knife Fltr : DISABLED
  • Weekly RSI Lim  : < 50
==================================================

{"ts": "2025-12-31T09:47:03.767393-05:00", "msg": "Regime: CALM (VIXY=25.59)"}
{"event":"startup","dry_run":false,"monitor_only":false,"max_premium":2000.0,"target_delta":0.65,"tickers_count":120,"type":"HEARTBEAT","ts":"2025-12-31T14:47:03Z","ts_et":"2025-12-31 09:47:03 ET"}
{"ts": "2025-12-31T09:47:03.768013-05:00", "msg": "Weekly Options V3 Started", "tickers": 120}
{"ts": "2025-12-31T09:47:04.527765-05:00", "msg": "Starting weekly options scan", "dry_run": false, "monitor_only": false, "max_premium": 2000.0, "target_delta": 0.65, "bot_tag": "WK_OPT", "registry_positions": 0}
{"ts": "2025-12-31T09:47:04.624215-05:00", "msg": "Managing 12 weekly option positions"}
[options] Position closed: TSLA260102C00465000
{"ts": "2025-12-31T09:47:04.711494-05:00", "msg": "Closed TSLA260102C00465000", "reason": "StopLoss", "result": {"code": 40310000, "message": "account not eligible to trade uncovered option contracts"}}
{"event":"positions_checked","all_positions":12,"my_positions":0,"my_underlyings":[],"type":"HEARTBEAT","ts":"2025-12-31T14:47:04Z","ts_et":"2025-12-31 09:47:04 ET"}
{"ts": "2025-12-31T09:47:04.869303-05:00", "msg": "Positions: 0 mine / 12 total", "my_underlyings": [], "bot_tag": "WK_OPT"}
{"ts": "2025-12-31T09:47:19.781839-05:00", "msg": "Found 20 weekly signals", "signals": [["HOOD", "RSI=47.8"], ["COIN", "RSI=34.6"], ["ORCL", "RSI=19.8"], ["SMCI", "RSI=31.8"], ["DKNG", "RSI=32.5"], ["DELL", "RSI=48.7"], ["RCL", "RSI=37.6"], ["ANET", "RSI=42.0"], ["NET", "RSI=42.5"], ["DHI", "RSI=36.8"], ["SPOT", "RSI=26.1"], ["WDAY", "RSI=42.9"], ["ETN", "RSI=29.9"], ["PINS", "RSI=26.7"], ["NKE", "RSI=38.5"], ["URI", "RSI=34.2"], ["META", "RSI=34.8"], ["CDNS", "RSI=34.4"], ["NOW", "RSI=9.5"], ["MO", "RSI=29.2"]]}
[options] Selected ITM: HOOD260220C00110000 strike=110.0 (2.8% ITM, underlying=113.13)
[options] Order submitted: HOOD260220C00110000 buy 1 @ 13.18
[options] Fill verified: HOOD260220C00110000 (took 1s)
{"ts": "2025-12-31T09:47:21.300695-05:00", "msg": "Order submitted for HOOD260220C00110000", "order_id": "dcc6a8a5-8360-4caf-ad78-fb5c1d727b4e", "client_order_id": "WK_OPT_HOOD260220C00110000_1767192440", "qty": 1, "limit_price": 13.18, "status": "filled"}
[registry] Recorded entry: HOOD260220C00110000 (order_id=WK_OPT_HOOD260220C00110000_176...)
[options] Selected ITM: COIN260220C00220000 strike=220.0 (4.7% ITM, underlying=230.79)
{"ts": "2025-12-31T09:47:21.567557-05:00", "msg": "Premium too high for COIN260220C00220000", "ask": 25.98, "total_cost": 2598.0, "max": 2000.0}
[options] Selected ITM: ORCL260220C00190000 strike=190.0 (2.9% ITM, underlying=195.72)
[options] Order submitted: ORCL260220C00190000 buy 1 @ 16.18
[options] Fill verified: ORCL260220C00190000 (took 1s)
{"ts": "2025-12-31T09:47:23.133152-05:00", "msg": "Order submitted for ORCL260220C00190000", "order_id": "9b66ad32-08f2-4cca-90fe-27ea0f6c0a3a", "client_order_id": "WK_OPT_ORCL260220C00190000_1767192441", "qty": 1, "limit_price": 16.18, "status": "filled"}
[registry] Recorded entry: ORCL260220C00190000 (order_id=WK_OPT_ORCL260220C00190000_176...)
[options] Selected ITM: SMCI260220C00029000 strike=29.0 (1.8% ITM, underlying=29.54)
[options] Order submitted: SMCI260220C00029000 buy 1 @ 3.48
[options] Fill verified: SMCI260220C00029000 (took 1s)
{"ts": "2025-12-31T09:47:24.669345-05:00", "msg": "Order submitted for SMCI260220C00029000", "order_id": "ed3e3172-a383-4d40-adde-af262585c610", "client_order_id": "WK_OPT_SMCI260220C00029000_1767192443", "qty": 1, "limit_price": 3.48, "status": "filled"}
[registry] Recorded entry: SMCI260220C00029000 (order_id=WK_OPT_SMCI260220C00029000_176...)
[options] Selected ITM: DKNG260220C00032500 strike=32.5 (6.5% ITM, underlying=34.77)
[options] Order submitted: DKNG260220C00032500 buy 1 @ 4.17
[options] Order pending after 5s: DKNG260220C00032500
{"ts": "2025-12-31T09:47:30.575974-05:00", "msg": "Order submitted for DKNG260220C00032500", "order_id": "d5bad2d8-df3d-4fa5-b58d-b7d47bf1be57", "client_order_id": "WK_OPT_DKNG260220C00032500_1767192444", "qty": 1, "limit_price": 4.17, "status": "pending_new"}
[registry] Recorded entry: DKNG260220C00032500 (order_id=WK_OPT_DKNG260220C00032500_176...)
[options] Selected ITM: DELL260220C00125000 strike=125.0 (2.4% ITM, underlying=128.05)
[options] Order submitted: DELL260220C00125000 buy 1 @ 10.1
[options] Fill verified: DELL260220C00125000 (took 5s)
{"ts": "2025-12-31T09:47:36.448693-05:00", "msg": "Order submitted for DELL260220C00125000", "order_id": "15f1980d-c676-4108-a8b3-e2f7dae27f7d", "client_order_id": "WK_OPT_DELL260220C00125000_1767192450", "qty": 1, "limit_price": 10.1, "status": "filled"}
[registry] Recorded entry: DELL260220C00125000 (order_id=WK_OPT_DELL260220C00125000_176...)
{"event":"scan_complete","signals":20,"new_entries":5,"total_positions":5,"type":"HEARTBEAT","ts":"2025-12-31T14:47:36Z","ts_et":"2025-12-31 09:47:36 ET"}
{"ts": "2025-12-31T09:47:36.449439-05:00", "msg": "Weekly options scan complete", "signals": 20, "new_entries": 5, "total_positions": 5}
{"type":"EOD_SUMMARY","date":"2025-12-31","total_trades":0,"closed_trades":0,"open_trades":0,"total_pnl":0,"win_count":0,"loss_count":0,"win_rate_pct":0,"avg_win":0,"avg_loss":0,"exit_reasons":{},"trades":[],"ts":"2025-12-31T14:47:36Z","ts_et":"2025-12-31 09:47:36 ET"}
[logger] No trades to export
{"ts": "2025-12-31T09:47:36.449965-05:00", "msg": "\n=== Weekly Options Session Summary ==="}
-----------------------------------------------------------------------------------------
Symbol                    Bought   Avg Ent    Basis        Sold     Avg Ex     Day PnL   
-----------------------------------------------------------------------------------------
DELL260220C00125000       1        10.10      1010.00      0        0.00       -         
HOOD260220C00110000       1        13.00      1300.00      0        0.00       -         
ORCL260220C00190000       1        16.05      1605.00      0        0.00       -         
SMCI260220C00029000       1        3.45       345.00       0        0.00       -         
-----------------------------------------------------------------------------------------
TOTAL Day PnL: $0.00 | TOTAL VOL: $4,260.00
{"ts": "2025-12-31T09:47:36.541327-05:00", "msg": "=== End Summary ==="}
