{"type":"UNIVERSE","loaded":1,"sample":["VIXY"],"when":"2026-01-02T14:48:08Z"}
{"type":"BARS_FETCH_START","requested":1,"chunks":1,"timeframe":"1Day","feed":"iex","start":"2025-12-31T14:48:08Z","end":"2026-01-02T14:48:08Z","when":"2026-01-02T14:48:08Z"}
{"type":"BARS_FETCH_CHUNK_COLLECTED","chunk_index":1,"symbols_in_chunk":1,"pages":1,"source_shape":"dict","collected_symbols":1}
{"type":"BARS_FETCH_SUMMARY","requested":1,"with_data":1,"empty":0,"stale":0,"sample_with_data":["VIXY"],"sample_empty":[],"when":"2026-01-02T14:48:08Z"}

==================================================
 [RegimeManager] Market Environment Update
==================================================
  • VIXY Price      : $25.33
  • Current Regime  : CALM
  • Slope Threshold : -0.08
  • Dead Knife Fltr : DISABLED
  • Weekly RSI Lim  : < 50
==================================================

{"ts": "2026-01-02T09:48:08.601921-05:00", "msg": "Regime: CALM (VIXY=25.33)"}
{"event":"startup","dry_run":false,"monitor_only":false,"max_premium":2000.0,"target_delta":0.65,"tickers_count":120,"type":"HEARTBEAT","ts":"2026-01-02T14:48:08Z","ts_et":"2026-01-02 09:48:08 ET"}
{"ts": "2026-01-02T09:48:08.602486-05:00", "msg": "Weekly Options V3 Started", "tickers": 120}
{"ts": "2026-01-02T09:48:09.549217-05:00", "msg": "Starting weekly options scan", "dry_run": false, "monitor_only": false, "max_premium": 2000.0, "target_delta": 0.65, "bot_tag": "WK_OPT", "registry_positions": 0}
{"ts": "2026-01-02T09:48:09.801547-05:00", "msg": "Managing 7 weekly option positions"}
{"event":"positions_checked","all_positions":7,"my_positions":0,"my_underlyings":[],"type":"HEARTBEAT","ts":"2026-01-02T14:48:10Z","ts_et":"2026-01-02 09:48:10 ET"}
{"ts": "2026-01-02T09:48:10.022105-05:00", "msg": "Positions: 0 mine / 7 total", "my_underlyings": [], "bot_tag": "WK_OPT"}
{"ts": "2026-01-02T09:48:47.580800-05:00", "msg": "Found 20 weekly signals", "signals": [["HOOD", "RSI=47.8"], ["COIN", "RSI=34.6"], ["ORCL", "RSI=19.8"], ["SMCI", "RSI=31.8"], ["DKNG", "RSI=32.5"], ["DELL", "RSI=48.7"], ["RCL", "RSI=37.6"], ["ANET", "RSI=42.0"], ["NET", "RSI=42.5"], ["DHI", "RSI=36.8"], ["SPOT", "RSI=26.1"], ["WDAY", "RSI=42.9"], ["ETN", "RSI=29.9"], ["PINS", "RSI=26.7"], ["NKE", "RSI=38.5"], ["URI", "RSI=34.2"], ["META", "RSI=34.8"], ["CDNS", "RSI=34.4"], ["NOW", "RSI=9.5"], ["MO", "RSI=29.2"]]}
[options] Selected ITM: HOOD260220C00105000 strike=105.0 (4.9% ITM, underlying=110.41)
[options] Order submitted: HOOD260220C00105000 buy 1 @ 14.82
[options] Order pending after 5s: HOOD260220C00105000
{"ts": "2026-01-02T09:48:54.909260-05:00", "msg": "Order submitted for HOOD260220C00105000", "order_id": "42f4fccb-f66f-4163-925e-eb745ac6aee9", "client_order_id": "WK_OPT_HOOD260220C00105000_1767365328", "qty": 1, "limit_price": 14.82, "status": "pending_new"}
[registry] Recorded entry: HOOD260220C00105000 (order_id=WK_OPT_HOOD260220C00105000_176...)
[options] Selected ITM: COIN260220C00220000 strike=220.0 (4.6% ITM, underlying=230.56)
{"ts": "2026-01-02T09:48:55.622905-05:00", "msg": "Premium too high for COIN260220C00220000", "ask": 23.96, "total_cost": 2396.0, "max": 2000.0}
[options] Selected ITM: ORCL260220C00195000 strike=195.0 (1.9% ITM, underlying=198.79)
[options] Order submitted: ORCL260220C00195000 buy 1 @ 13.92
[options] Fill verified: ORCL260220C00195000 (took 1s)
{"ts": "2026-01-02T09:48:58.005608-05:00", "msg": "Order submitted for ORCL260220C00195000", "order_id": "a94a80a3-de85-4e91-b406-b7bd4782af69", "client_order_id": "WK_OPT_ORCL260220C00195000_1767365336", "qty": 1, "limit_price": 13.92, "status": "filled"}
[registry] Recorded entry: ORCL260220C00195000 (order_id=WK_OPT_ORCL260220C00195000_176...)
[options] Selected ITM: SMCI260220C00030000 strike=30.0 (2.5% ITM, underlying=30.79)
[options] Order submitted: SMCI260220C00030000 buy 1 @ 3.67
[options] Order pending after 5s: SMCI260220C00030000
{"ts": "2026-01-02T09:49:05.292688-05:00", "msg": "Order submitted for SMCI260220C00030000", "order_id": "1a73d164-90f1-4838-b764-94eebae6b37d", "client_order_id": "WK_OPT_SMCI260220C00030000_1767365338", "qty": 1, "limit_price": 3.67, "status": "pending_new"}
[registry] Recorded entry: SMCI260220C00030000 (order_id=WK_OPT_SMCI260220C00030000_176...)
[options] Selected ITM: DKNG260220C00035000 strike=35.0 (0.2% ITM, underlying=35.09)
[options] Order submitted: DKNG260220C00035000 buy 1 @ 2.85
[options] Fill verified: DKNG260220C00035000 (took 4s)
{"ts": "2026-01-02T09:49:11.379702-05:00", "msg": "Order submitted for DKNG260220C00035000", "order_id": "d9779dab-d622-45a9-9ce3-fdf7e665e973", "client_order_id": "WK_OPT_DKNG260220C00035000_1767365346", "qty": 1, "limit_price": 2.85, "status": "filled"}
[registry] Recorded entry: DKNG260220C00035000 (order_id=WK_OPT_DKNG260220C00035000_176...)
[options] Selected ITM: DELL260220C00125000 strike=125.0 (2.7% ITM, underlying=128.41)
[options] Order submitted: DELL260220C00125000 buy 1 @ 9.47
[options] Fill verified: DELL260220C00125000 (took 1s)
{"ts": "2026-01-02T09:49:13.764314-05:00", "msg": "Order submitted for DELL260220C00125000", "order_id": "71ec3f1a-9434-4963-99d2-0e06d39c03bf", "client_order_id": "WK_OPT_DELL260220C00125000_1767365352", "qty": 1, "limit_price": 9.47, "status": "filled"}
[registry] Recorded entry: DELL260220C00125000 (order_id=WK_OPT_DELL260220C00125000_176...)
{"event":"scan_complete","signals":20,"new_entries":5,"total_positions":5,"type":"HEARTBEAT","ts":"2026-01-02T14:49:13Z","ts_et":"2026-01-02 09:49:13 ET"}
{"ts": "2026-01-02T09:49:13.765068-05:00", "msg": "Weekly options scan complete", "signals": 20, "new_entries": 5, "total_positions": 5}
{"type":"EOD_SUMMARY","date":"2026-01-02","total_trades":0,"closed_trades":0,"open_trades":0,"total_pnl":0,"win_count":0,"loss_count":0,"win_rate_pct":0,"avg_win":0,"avg_loss":0,"exit_reasons":{},"trades":[],"ts":"2026-01-02T14:49:13Z","ts_et":"2026-01-02 09:49:13 ET"}
[logger] No trades to export
{"ts": "2026-01-02T09:49:13.765531-05:00", "msg": "\n=== Weekly Options Session Summary ==="}
-----------------------------------------------------------------------------------------
Symbol                    Bought   Avg Ent    Basis        Sold     Avg Ex     Day PnL   
-----------------------------------------------------------------------------------------
DELL260220C00125000       1        9.45       945.00       0        0.00       -         
DKNG260220C00035000       1        2.80       280.00       0        0.00       -         
ORCL260220C00195000       1        13.90      1390.00      0        0.00       -         
-----------------------------------------------------------------------------------------
TOTAL Day PnL: $0.00 | TOTAL VOL: $2,615.00
{"ts": "2026-01-02T09:49:13.989202-05:00", "msg": "=== End Summary ==="}
